Version 4.4.0 of praw is outdated. Version 4.5.0 was released 58 minutes ago.
Version 4.4.0 of praw is outdated. Version 4.5.0 was released 1 day ago.
Version 5.0.0.dev0 of praw is outdated. Version 5.0.0 was released 10 hours ago.
Version 5.0.0.dev0 of praw is outdated. Version 5.0.0 was released 1 day ago.
Version 5.0.0.dev0 of praw is outdated. Version 5.0.0 was released 2 days ago.
Version 5.0.0.dev0 of praw is outdated. Version 5.0.0 was released 3 days ago.
Version 5.0.0.dev0 of praw is outdated. Version 5.0.0 was released 4 days ago.
Version 5.0.0.dev0 of praw is outdated. Version 5.0.0 was released 5 days ago.
Version 5.0.0.dev0 of praw is outdated. Version 5.0.0 was released 6 days ago.
Version 5.0.0.dev0 of praw is outdated. Version 5.0.1 was released 2 hours ago.
Version 5.0.0.dev0 of praw is outdated. Version 5.0.1 was released 1 day ago.
Version 5.0.0.dev0 of praw is outdated. Version 5.0.1 was released 2 days ago.
Version 5.0.0.dev0 of praw is outdated. Version 5.0.1 was released 3 days ago.
Version 5.0.0.dev0 of praw is outdated. Version 5.0.1 was released 4 days ago.
Version 5.0.0.dev0 of praw is outdated. Version 5.0.1 was released 5 days ago.
Version 5.0.0.dev0 of praw is outdated. Version 5.0.1 was released 6 days ago.
Version 5.0.0.dev0 of praw is outdated. Version 5.0.1 was released 7 days ago.
Version 5.0.0.dev0 of praw is outdated. Version 5.0.1 was released Wednesday July 12, 2017.
Version 5.0.0.dev0 of praw is outdated. Version 5.0.1 was released Wednesday July 12, 2017.
Version 5.0.0.dev0 of praw is outdated. Version 5.0.1 was released Wednesday July 12, 2017.
Version 5.0.0.dev0 of praw is outdated. Version 5.0.1 was released Wednesday July 12, 2017.
Version 5.0.0.dev0 of praw is outdated. Version 5.0.1 was released Wednesday July 12, 2017.
Version 5.0.0.dev0 of praw is outdated. Version 5.0.1 was released Wednesday July 12, 2017.
Version 5.0.0.dev0 of praw is outdated. Version 5.0.1 was released Wednesday July 12, 2017.
Version 5.0.0.dev0 of praw is outdated. Version 5.0.1 was released Wednesday July 12, 2017.
Version 5.0.0.dev0 of praw is outdated. Version 5.0.1 was released Wednesday July 12, 2017.
Version 5.0.0.dev0 of praw is outdated. Version 5.0.1 was released Wednesday July 12, 2017.
Version 5.0.0.dev0 of praw is outdated. Version 5.0.1 was released Wednesday July 12, 2017.
Version 5.0.0.dev0 of praw is outdated. Version 5.0.1 was released Wednesday July 12, 2017.
Version 5.0.0.dev0 of praw is outdated. Version 5.0.1 was released Wednesday July 12, 2017.
Version 5.0.0.dev0 of praw is outdated. Version 5.0.1 was released Wednesday July 12, 2017.
Version 5.0.0.dev0 of praw is outdated. Version 5.0.1 was released Wednesday July 12, 2017.
Version 5.0.0.dev0 of praw is outdated. Version 5.0.1 was released Wednesday July 12, 2017.
Version 5.0.0.dev0 of praw is outdated. Version 5.0.1 was released Wednesday July 12, 2017.
Version 5.0.0.dev0 of praw is outdated. Version 5.0.1 was released Wednesday July 12, 2017.
Version 5.0.0.dev0 of praw is outdated. Version 5.0.1 was released Wednesday July 12, 2017.
Version 5.0.0.dev0 of praw is outdated. Version 5.0.1 was released Wednesday July 12, 2017.
Version 5.0.0.dev0 of praw is outdated. Version 5.0.1 was released Wednesday July 12, 2017.
Version 5.0.0.dev0 of praw is outdated. Version 5.0.1 was released Wednesday July 12, 2017.
Version 5.0.0.dev0 of praw is outdated. Version 5.0.1 was released Wednesday July 12, 2017.
Version 5.0.0.dev0 of praw is outdated. Version 5.0.1 was released Wednesday July 12, 2017.
Version 5.0.0.dev0 of praw is outdated. Version 5.0.1 was released Wednesday July 12, 2017.
Version 5.0.0.dev0 of praw is outdated. Version 5.0.1 was released Wednesday July 12, 2017.
Version 5.0.0.dev0 of praw is outdated. Version 5.0.1 was released Wednesday July 12, 2017.
Version 5.0.0.dev0 of praw is outdated. Version 5.0.1 was released Wednesday July 12, 2017.
Version 5.0.0.dev0 of praw is outdated. Version 5.0.1 was released Wednesday July 12, 2017.
Version 5.0.0.dev0 of praw is outdated. Version 5.0.1 was released Wednesday July 12, 2017.
Version 5.0.0.dev0 of praw is outdated. Version 5.0.1 was released Wednesday July 12, 2017.
Version 5.0.0.dev0 of praw is outdated. Version 5.0.1 was released Wednesday July 12, 2017.
Version 5.0.0.dev0 of praw is outdated. Version 5.0.1 was released Wednesday July 12, 2017.
Version 5.0.0.dev0 of praw is outdated. Version 5.0.1 was released Wednesday July 12, 2017.
Version 5.0.0.dev0 of praw is outdated. Version 5.0.1 was released Wednesday July 12, 2017.
Version 5.0.0.dev0 of praw is outdated. Version 5.0.1 was released Wednesday July 12, 2017.
Version 5.0.0.dev0 of praw is outdated. Version 5.0.1 was released Wednesday July 12, 2017.
Version 5.0.0.dev0 of praw is outdated. Version 5.0.1 was released Wednesday July 12, 2017.
Version 5.0.0.dev0 of praw is outdated. Version 5.0.1 was released Wednesday July 12, 2017.
Version 5.0.0.dev0 of praw is outdated. Version 5.0.1 was released Wednesday July 12, 2017.
Version 5.0.0.dev0 of praw is outdated. Version 5.0.1 was released Wednesday July 12, 2017.
